<?xml version="1.0" encoding="UTF-8"?>
<!-- Generated by org.testng.reporters.JUnitReportReporter -->
<testsuite hostname="PCS-MUM-L183" failures="0" tests="1" name="Apis.CardStatement_Test" time="3.298" errors="0" timestamp="2022-02-05T23:37:48 IST" skipped="0">
  <testcase classname="Apis.CardStatement_Test" name="Card_Statement" time="3.298"/>
  <system-out/>
</testsuite> <!-- Apis.CardStatement_Test -->
