<?xml version="1.0" encoding="UTF-8"?>
<!-- Generated by org.testng.reporters.JUnitReportReporter -->
<testsuite hostname="PCS-MUM-L183" failures="0" tests="1" name="Apis.EnableDisable_TranactionStatus" time="8.802" errors="0" timestamp="2022-02-07T16:03:12 IST" skipped="0">
  <testcase classname="Apis.EnableDisable_TranactionStatus" name="EnableDisable_StatusofTransaction" time="8.802"/>
  <system-out/>
</testsuite> <!-- Apis.EnableDisable_TranactionStatus -->
