<?xml version="1.0" encoding="UTF-8"?>
<!-- Generated by org.testng.reporters.JUnitReportReporter -->
<testsuite hostname="PCS-MUM-L183" failures="0" tests="1" name="Apis.GetCardLimitApi" time="4.265" errors="0" timestamp="2022-02-07T14:55:03 IST" skipped="0">
  <testcase classname="Apis.GetCardLimitApi" name="GetCardLimitApiTest" time="4.265"/>
  <system-out/>
</testsuite> <!-- Apis.GetCardLimitApi -->
