<?xml version="1.0" encoding="UTF-8"?>
<!-- Generated by org.testng.reporters.JUnitReportReporter -->
<testsuite hostname="PCS-MUM-L183" failures="0" tests="1" name="Apis.WalletBalanceEnquiry_Test" time="3.184" errors="0" timestamp="2022-02-05T23:48:47 IST" skipped="0">
  <testcase classname="Apis.WalletBalanceEnquiry_Test" name="WalletbalanceEnquiry_ApiTest" time="3.184"/>
  <system-out/>
</testsuite> <!-- Apis.WalletBalanceEnquiry_Test -->
