<?xml version="1.0" encoding="UTF-8"?>
<!-- Generated by org.testng.reporters.JUnitReportReporter -->
<testsuite hostname="PCS-MUM-L183" failures="0" tests="1" name="Apis.WalletStatement_Test" time="3.779" errors="0" timestamp="2022-01-22T15:00:14 IST" skipped="0">
  <testcase classname="Apis.WalletStatement_Test" name="Wallet_Statement" time="3.779"/>
  <system-out/>
</testsuite> <!-- Apis.WalletStatement_Test -->
